<?xml version="1.0" encoding="UTF-8"?>
<testsuite name="SILab2Test" tests="5" skipped="0" failures="0" errors="0" timestamp="2023-05-29T13:34:02" hostname="DESKTOP-45NCR01" time="0.049">
  <properties/>
  <testcase name="test1()" classname="SILab2Test" time="0.038"/>
  <testcase name="test2()" classname="SILab2Test" time="0.002"/>
  <testcase name="test3()" classname="SILab2Test" time="0.001"/>
  <testcase name="test4()" classname="SILab2Test" time="0.001"/>
  <testcase name="test5()" classname="SILab2Test" time="0.001"/>
  <system-out><![CDATA[]]></system-out>
  <system-err><![CDATA[]]></system-err>
</testsuite>
